TN:
SF:D:\workspace\jutils\min\jutils.min.js
FN:1,(anonymous_1)
FN:1,e
FN:1,(anonymous_3)
FN:1,(anonymous_4)
FN:1,(anonymous_5)
FN:1,(anonymous_6)
FN:1,(anonymous_7)
FN:1,(anonymous_8)
FN:1,(anonymous_9)
FN:1,r
FNF:10
FNH:5
FNDA:1,(anonymous_1)
FNDA:2,e
FNDA:0,(anonymous_3)
FNDA:0,(anonymous_4)
FNDA:0,(anonymous_5)
FNDA:0,(anonymous_6)
FNDA:0,(anonymous_7)
FNDA:1,(anonymous_8)
FNDA:1,(anonymous_9)
FNDA:1,r
DA:1,2
LF:1
LH:1
BRDA:1,1,0,0
BRDA:1,1,1,2
BRDA:1,2,0,0
BRDA:1,2,1,0
BRDA:1,3,0,0
BRDA:1,3,1,0
BRDA:1,4,0,0
BRDA:1,4,1,0
BRF:8
BRH:1
end_of_record
