TN:
SF:D:\workspace\jutils\min\jutils.min.js
FN:1,(anonymous_1)
FN:1,r
FN:1,(anonymous_3)
FN:1,(anonymous_4)
FN:1,(anonymous_5)
FN:1,(anonymous_6)
FN:1,(anonymous_7)
FN:1,(anonymous_8)
FN:1,t
FN:1,(anonymous_10)
FN:1,e
FN:1,(anonymous_12)
FN:1,(anonymous_13)
FN:1,t
FN:1,(anonymous_15)
FN:1,e
FN:1,(anonymous_17)
FN:1,e
FN:1,(anonymous_19)
FN:1,e
FN:1,(anonymous_21)
FN:1,e
FN:1,(anonymous_23)
FN:1,e
FN:1,(anonymous_25)
FN:1,e
FN:1,(anonymous_27)
FN:1,e
FN:1,(anonymous_29)
FN:1,t
FN:1,(anonymous_31)
FN:1,t
FNF:32
FNH:27
FNDA:1,(anonymous_1)
FNDA:21,r
FNDA:0,(anonymous_3)
FNDA:0,(anonymous_4)
FNDA:0,(anonymous_5)
FNDA:0,(anonymous_6)
FNDA:0,(anonymous_7)
FNDA:1,(anonymous_8)
FNDA:10,t
FNDA:1,(anonymous_10)
FNDA:4,e
FNDA:1,(anonymous_12)
FNDA:1,(anonymous_13)
FNDA:1,t
FNDA:1,(anonymous_15)
FNDA:1,e
FNDA:1,(anonymous_17)
FNDA:1,e
FNDA:1,(anonymous_19)
FNDA:1,e
FNDA:1,(anonymous_21)
FNDA:1,e
FNDA:1,(anonymous_23)
FNDA:1,e
FNDA:1,(anonymous_25)
FNDA:1,e
FNDA:1,(anonymous_27)
FNDA:3,e
FNDA:1,(anonymous_29)
FNDA:3,t
FNDA:1,(anonymous_31)
FNDA:1,t
DA:1,21
LF:1
LH:1
BRDA:1,1,0,8
BRDA:1,1,1,13
BRDA:1,2,0,0
BRDA:1,2,1,0
BRDA:1,3,0,0
BRDA:1,3,1,0
BRDA:1,4,0,0
BRDA:1,4,1,0
BRDA:1,5,0,1
BRDA:1,5,1,2
BRDA:1,6,0,0
BRDA:1,6,1,3
BRDA:1,7,0,0
BRDA:1,7,1,3
BRDA:1,8,0,1
BRDA:1,8,1,2
BRDA:1,9,0,4
BRDA:1,9,1,0
BRDA:1,10,0,0
BRDA:1,10,1,1
BRDA:1,11,0,0
BRDA:1,11,1,2
BRF:22
BRH:11
end_of_record
